Arguments: 
  C:\Program Files\nodejs\node.exe C:\Program Files (x86)\Yarn\bin\yarn.js

PATH: 
  C:\Program Files\PowerShell\7;C:\Program Files (x86)\Common Files\Oracle\Java\javapath;C:\Program Files (x86)\HP SimplePass\x64;C:\Program Files (x86)\HP SimplePass\;C:\Program Files (x86)\Intel\iCLS Client\;C:\Program Files\Intel\iCLS Client\;C:\WINDOWS\system32;C:\WINDOWS;C:\WINDOWS\System32\Wbem;C:\WINDOWS\System32\WindowsPowerShell\v1.0\;C:\Program Files (x86)\Windows Live\Shared;C:\Program Files\Intel\Intel(R) Management Engine Components\DAL;C:\Program Files\Intel\Intel(R) Management Engine Components\IPT;C:\Program Files (x86)\Intel\Intel(R) Management Engine Components\DAL;C:\Program Files (x86)\Intel\Intel(R) Management Engine Components\IPT;C:\Program Files (x86)\Intel\OpenCL SDK\2.0\bin\x86;C:\Program Files (x86)\Intel\OpenCL SDK\2.0\bin\x64;C:\WINDOWS\System32\OpenSSH\;C:\ProgramData\chocolatey\bin;C:\Program Files\dotnet\;C:\Program Files\Microsoft SQL Server\130\Tools\Binn\;C:\Program Files\Microsoft SQL Server\Client SDK\ODBC\170\Tools\Binn\;C:\Program Files\Git\cmd;C:\Users\rodney\AppData\Local\Android\Sdk\emulator;C:\Users\rodney\AppData\Local\Android\Sdk\platform-tools;C:\Program Files\PowerShell\7\;C:\Users\rodney\AppData\Roaming\nvm;C:\Program Files\nodejs;C:\Program Files (x86)\Yarn\bin\;C:\Program Files\Docker\Docker\resources\bin;C:\ProgramData\DockerDesktop\version-bin;C:\Users\rodney\.windows-build-tools\python27\;C:\Users\rodney\AppData\Local\Programs\Python\Python38\Scripts\;C:\Users\rodney\AppData\Local\Programs\Python\Python38\;C:\Users\rodney\AppData\Local\Microsoft\WindowsApps;C:\Users\rodney\AppData\Local\Programs\Microsoft VS Code\bin;C:\Users\rodney\AppData\Roaming\npm;C:\Program Files\heroku\bin;C:\Users\rodney\AppData\Roaming\nvm;C:\Program Files\nodejs;C:\Users\rodney\AppData\Local\hyper\app-3.0.2\resources\bin;C:\Users\rodney\AppData\Local\Yarn\bin;C:\Users\rodney\AppData\Local\GitHubDesktop\bin

Yarn version: 
  1.22.4

Node version: 
  12.18.0

Platform: 
  win32 x64

Trace: 
  Error: https://registry.yarnpkg.com/@material-ui/icons/-/icons-4.11.2.tgz: ESOCKETTIMEDOUT
      at ClientRequest.<anonymous> (C:\Program Files (x86)\Yarn\lib\cli.js:141375:19)
      at Object.onceWrapper (events.js:421:28)
      at ClientRequest.emit (events.js:315:20)
      at TLSSocket.emitRequestTimeout (_http_client.js:709:9)
      at Object.onceWrapper (events.js:421:28)
      at TLSSocket.emit (events.js:327:22)
      at TLSSocket.Socket._onTimeout (net.js:481:8)
      at listOnTimeout (internal/timers.js:549:17)
      at processTimers (internal/timers.js:492:7)

npm manifest: 
  {
    "name": "next-pwa-poc",
    "version": "1.0.0",
    "description": "poc progressive web application with offline support, server side rendering, with installable option and responsiveness",
    "main": "src/index.js",
    "scripts": {
      "dev": "next",
      "build": "next build",
      "start": "next start",
      "deploy": "next build && next export"
    },
    "keywords": [],
    "author": "@rodneyrinaldi",
    "license": "ISC",
    "dependencies": {
      "@material-ui/core": "^4.9.5",
      "@material-ui/icons": "^4.9.1",
      "@mdx-js/loader": "^1.5.7",
      "@next/mdx": "^9.3.0",
      "isomorphic-unfetch": "^3.0.0",
      "next": "^10.0.7",
      "next-pwa": "^2.3.0",
      "react": "^16.13.0",
      "react-dom": "^16.13.0",
      "react-json-view": "^1.21.1"
    },
    "devDependencies": {
      "@babel/core": "^7.13.1",
      "@types/node": "^13.9.0",
      "@types/react": "^16.9.23",
      "typescript": "^3.8.3",
      "webpack": "^5.24.1"
    }
  }

yarn manifest: 
  No manifest

Lockfile: 
  No lockfile
